[ 2024-06-30 04:43:25,872 ] 105 comtypes.client._code_cache - INFO - Could not import comtypes.gen, trying to create it.
[ 2024-06-30 04:43:25,873 ] 110 comtypes.client._code_cache - INFO - Created comtypes.gen directory: 'C:\Users\Shaad\anaconda3\envs\facerecognition\lib\site-packages\comtypes\gen'
[ 2024-06-30 04:43:25,873 ] 113 comtypes.client._code_cache - INFO - Writing __init__.py file: 'C:\Users\Shaad\anaconda3\envs\facerecognition\lib\site-packages\comtypes\gen\__init__.py'
[ 2024-06-30 04:43:25,875 ] 75 comtypes.client._code_cache - INFO - Using writeable comtypes cache directory: 'C:\Users\Shaad\anaconda3\envs\facerecognition\lib\site-packages\comtypes\gen'
[ 2024-06-30 04:43:25,890 ] 182 comtypes.client._generate - INFO - Could not import comtypes.gen._C866CA3A_32F7_11D2_9602_00C04F8EE628_0_5_4: No module named 'comtypes.gen._C866CA3A_32F7_11D2_9602_00C04F8EE628_0_5_4'
[ 2024-06-30 04:43:25,894 ] 235 comtypes.client._generate - INFO - # Generating comtypes.gen._C866CA3A_32F7_11D2_9602_00C04F8EE628_0_5_4
[ 2024-06-30 04:43:25,983 ] 240 comtypes.client._generate - INFO - # Generating comtypes.gen.SpeechLib
[ 2024-06-30 04:43:25,992 ] 182 comtypes.client._generate - INFO - Could not import comtypes.gen._00020430_0000_0000_C000_000000000046_0_2_0: No module named 'comtypes.gen._00020430_0000_0000_C000_000000000046_0_2_0'
[ 2024-06-30 04:43:25,993 ] 235 comtypes.client._generate - INFO - # Generating comtypes.gen._00020430_0000_0000_C000_000000000046_0_2_0
[ 2024-06-30 04:43:26,000 ] 240 comtypes.client._generate - INFO - # Generating comtypes.gen.stdole
[ 2024-06-30 04:43:26,329 ] 7 root - INFO - The execution has started
[ 2024-06-30 04:43:26,353 ] 119 tensorflow - WARNING - From C:\Users\Shaad\anaconda3\envs\facerecognition\lib\site-packages\keras\backend\tensorflow_backend.py:68: The name tf.get_default_graph is deprecated. Please use tf.compat.v1.get_default_graph instead.

[ 2024-06-30 04:43:26,388 ] 119 tensorflow - WARNING - From C:\Users\Shaad\anaconda3\envs\facerecognition\lib\site-packages\keras\backend\tensorflow_backend.py:504: The name tf.placeholder is deprecated. Please use tf.compat.v1.placeholder instead.

[ 2024-06-30 04:43:26,400 ] 119 tensorflow - WARNING - From C:\Users\Shaad\anaconda3\envs\facerecognition\lib\site-packages\keras\backend\tensorflow_backend.py:3828: The name tf.random_uniform is deprecated. Please use tf.random.uniform instead.

[ 2024-06-30 04:43:26,424 ] 119 tensorflow - WARNING - From C:\Users\Shaad\anaconda3\envs\facerecognition\lib\site-packages\keras\backend\tensorflow_backend.py:3652: The name tf.nn.max_pool is deprecated. Please use tf.nn.max_pool2d instead.

[ 2024-06-30 04:43:26,657 ] 119 tensorflow - WARNING - From C:\Users\Shaad\anaconda3\envs\facerecognition\lib\site-packages\keras\backend\tensorflow_backend.py:166: The name tf.get_default_session is deprecated. Please use tf.compat.v1.get_default_session instead.

[ 2024-06-30 04:43:26,657 ] 119 tensorflow - WARNING - From C:\Users\Shaad\anaconda3\envs\facerecognition\lib\site-packages\keras\backend\tensorflow_backend.py:171: The name tf.ConfigProto is deprecated. Please use tf.compat.v1.ConfigProto instead.

[ 2024-06-30 04:43:28,660 ] 506 tensorflow - WARNING - From C:\Users\Shaad\anaconda3\envs\facerecognition\lib\site-packages\keras\backend\tensorflow_backend.py:3135: calling dropout (from tensorflow.python.ops.nn_ops) with keep_prob is deprecated and will be removed in a future version.
Instructions for updating:
Please use `rate` instead of `keep_prob`. Rate should be set to `rate = 1 - keep_prob`.
[ 2024-06-30 04:43:28,846 ] 119 tensorflow - WARNING - From C:\Users\Shaad\anaconda3\envs\facerecognition\lib\site-packages\keras\optimizers.py:744: The name tf.train.Optimizer is deprecated. Please use tf.compat.v1.train.Optimizer instead.

[ 2024-06-30 04:43:28,925 ] 323 tensorflow - WARNING - From C:\Users\Shaad\anaconda3\envs\facerecognition\lib\site-packages\tensorflow\python\ops\math_grad.py:1250: add_dispatch_support.<locals>.wrapper (from tensorflow.python.ops.array_ops) is deprecated and will be removed in a future version.
Instructions for updating:
Use tf.where in 2.0, which has the same broadcast rule as np.where
[ 2024-06-30 04:43:35,954 ] 15 root - INFO - Custom Exception
